#
# A fatal error has been detected by the Java Runtime Environment:
#
#  EXCEPTION_ACCESS_VIOLATION (0xc0000005) at pc=0x617493cd, pid=3380, tid=0x000000ec
#
# JRE version: Java(TM) SE Runtime Environment (8.0_92-b14) (build 1.8.0_92-b14)
# Java VM: Java HotSpot(TM) Client VM (25.92-b14 mixed mode windows-x86 )
# Problematic frame:
# C  [listSerialsj.dll+0x93cd]
#
# Failed to write core dump. Minidumps are not enabled by default on client versions of Windows
#
# If you would like to submit a bug report, please visit:
#   http://bugreport.java.com/bugreport/crash.jsp
# The crash happened outside the Java Virtual Machine in native code.
# See problematic frame for where to report the bug.
#

---------------  T H R E A D  ---------------

Current thread (0x2643e800):  JavaThread "cc.arduino.packages.discoverers.serial.SerialBoardsLister" [_thread_in_native, id=236, stack(0x27290000,0x272e0000)]

siginfo: ExceptionCode=0xc0000005, writing address 0x00000000

Registers:
EAX=0x00000000, EBX=0x00000a94, ECX=0x00000000, EDX=0x00000001
ESP=0x272decb0, EBP=0x272df108, ESI=0x00000003, EDI=0x0115fd80
EIP=0x617493cd, EFLAGS=0x00010246

Top of Stack: (sp=0x272decb0)
0x272decb0:   25f23fd8 0000002e 00000002 00000000
0x272decc0:   00000003 00000000 00000000 00000000
0x272decd0:   272dedb0 272ded90 0000006c 76d8a540
0x272dece0:   25f28748 002ded04 01160120 00000059
0x272decf0:   272ded90 26441408 00000014 00000002
0x272ded00:   00000001 0000006c 00000047 0000008c
0x272ded10:   008ced90 00000000 324d4f43 00440030
0x272ded20:   00425355 03030303 00030303 00000000 

Instructions: (pc=0x617493cd)
0x617493ad:   8b 45 08 8b 90 94 00 00 00 85 d2 74 16 8b 40 2c
0x617493bd:   c7 44 24 04 2e 00 00 00 89 04 24 e8 73 14 00 00
0x617493cd:   c6 00 00 8d 85 04 fc ff ff 89 44 24 18 8d 85 0a
0x617493dd:   fc ff ff 89 44 24 10 a1 e4 01 75 61 c7 85 04 fc 


Register to memory mapping:

EAX=0x00000000 is an unknown value
EBX=0x00000a94 is an unknown value
ECX=0x00000000 is an unknown value
EDX=0x00000001 is an unknown value
ESP=0x272decb0 is pointing into the stack for thread: 0x2643e800
EBP=0x272df108 is pointing into the stack for thread: 0x2643e800
ESI=0x00000003 is an unknown value
EDI=0x0115fd80 is an unknown value


Stack: [0x27290000,0x272e0000],  sp=0x272decb0,  free space=315k
Native frames: (J=compiled Java code, j=interpreted, Vv=VM code, C=native code)
C  [listSerialsj.dll+0x93cd]
C  [listSerialsj.dll+0x2211]

Java frames: (J=compiled Java code, j=interpreted, Vv=VM code)
j  processing.app.Platform.listSerialsNative()[Ljava/lang/String;+0
j  processing.app.Platform.listSerials()Ljava/util/List;+5
j  cc.arduino.packages.discoverers.serial.SerialBoardsLister.retriggerDiscovery(Z)V+22
j  cc.arduino.packages.discoverers.serial.SerialBoardsLister.run()V+9
j  java.util.TimerThread.mainLoop()V+221
j  java.util.TimerThread.run()V+1
v  ~StubRoutines::call_stub

---------------  P R O C E S S  ---------------

Java Threads: ( => current thread )
  0x282fb000 JavaThread "DestroyJavaVM" [_thread_blocked, id=452, stack(0x01280000,0x012d0000)]
  0x26588000 JavaThread "AWT-EventQueue-0" [_thread_blocked, id=2132, stack(0x29280000,0x292d0000)]
  0x26589400 JavaThread "AWT-Shutdown" [_thread_blocked, id=2732, stack(0x28af0000,0x28b40000)]
  0x26587800 JavaThread "TimerQueue" daemon [_thread_blocked, id=5604, stack(0x268b0000,0x26900000)]
  0x26588c00 JavaThread "Batik CleanerThread" daemon [_thread_blocked, id=8112, stack(0x28d40000,0x28d90000)]
  0x26587400 JavaThread "JmDNS(10-39-39-59.local.).Timer" daemon [_thread_blocked, id=9120, stack(0x27bb0000,0x27c00000)]
  0x26586c00 JavaThread "JmDNS(10-39-39-59.local.).State.Timer" [_thread_blocked, id=8060, stack(0x27b20000,0x27b70000)]
  0x26586000 JavaThread "JmDNS(10-39-39-59.local.).Timer" daemon [_thread_blocked, id=6784, stack(0x27a90000,0x27ae0000)]
  0x26586800 JavaThread "SocketListener(10-39-39-59.local.)" daemon [_thread_in_native, id=8128, stack(0x27a00000,0x27a50000)]
  0x26588800 JavaThread "JmDNS(fe80:0:0:0:d589:4625:a894:aa92%wlan1.local.).Timer" daemon [_thread_blocked, id=6424, stack(0x27830000,0x27880000)]
  0x2654c400 JavaThread "JmDNS(fe80:0:0:0:d589:4625:a894:aa92%wlan1.local.).State.Timer" [_thread_blocked, id=4600, stack(0x277a0000,0x277f0000)]
  0x2654bc00 JavaThread "JmDNS(fe80:0:0:0:d589:4625:a894:aa92%wlan1.local.).Timer" daemon [_thread_blocked, id=5696, stack(0x27710000,0x27760000)]
  0x26549800 JavaThread "SocketListener(fe80:0:0:0:d589:4625:a894:aa92%wlan1.local.)" daemon [_thread_in_native, id=7820, stack(0x27680000,0x276d0000)]
  0x264be400 JavaThread "cc.arduino.packages.discoverers.network.BoardReachabilityFilter" [_thread_blocked, id=7496, stack(0x273b0000,0x27400000)]
  0x26445000 JavaThread "cc.arduino.packages.discoverers.network.NetworkChecker" [_thread_blocked, id=5096, stack(0x27320000,0x27370000)]
=>0x2643e800 JavaThread "cc.arduino.packages.discoverers.serial.SerialBoardsLister" [_thread_in_native, id=236, stack(0x27290000,0x272e0000)]
  0x2643bc00 JavaThread "AWT-Windows" daemon [_thread_in_native, id=6652, stack(0x26940000,0x26990000)]
  0x26438800 JavaThread "Java2D Disposer" daemon [_thread_blocked, id=4252, stack(0x26820000,0x26870000)]
  0x25c61000 JavaThread "Service Thread" daemon [_thread_blocked, id=3756, stack(0x26210000,0x26260000)]
  0x25c6bc00 JavaThread "C1 CompilerThread0" daemon [_thread_blocked, id=1248, stack(0x26180000,0x261d0000)]
  0x25c6a400 JavaThread "Attach Listener" daemon [_thread_blocked, id=5312, stack(0x260f0000,0x26140000)]
  0x25c68000 JavaThread "Signal Dispatcher" daemon [_thread_blocked, id=2420, stack(0x26060000,0x260b0000)]
  0x25c4a800 JavaThread "Finalizer" daemon [_thread_blocked, id=5060, stack(0x259b0000,0x25a00000)]
  0x25c34800 JavaThread "Reference Handler" daemon [_thread_blocked, id=8696, stack(0x25920000,0x25970000)]

Other Threads:
  0x02b6dc00 VMThread [stack: 0x25890000,0x258e0000] [id=5952]
  0x25c65800 WatcherThread [stack: 0x262a0000,0x262f0000] [id=4852]

VM state:not at safepoint (normal execution)

VM Mutex/Monitor currently owned by a thread: None

Heap:
 def new generation   total 39424K, used 9002K [0x05000000, 0x07ac0000, 0x0faa0000)
  eden space 35072K,  17% used [0x05000000, 0x055f0ae0, 0x07240000)
  from space 4352K,  67% used [0x07680000, 0x07959e88, 0x07ac0000)
  to   space 4352K,   0% used [0x07240000, 0x07240000, 0x07680000)
 tenured generation   total 87424K, used 30842K [0x0faa0000, 0x15000000, 0x25000000)
   the space 87424K,  35% used [0x0faa0000, 0x118be810, 0x118bea00, 0x15000000)
 Metaspace       used 19836K, capacity 20355K, committed 20480K, reserved 20864K

Card table byte_map: [0x04e90000,0x04fa0000] byte_map_base: 0x04e68000

Polling page: 0x01060000

CodeCache: size=32768Kb used=3243Kb max_used=4389Kb free=29524Kb
 bounds [0x02cd0000, 0x03120000, 0x04cd0000]
 total_blobs=1882 nmethods=1603 adapters=208
 compilation: enabled

Compilation events (10 events):
Event: 1719.968 Thread 0x25c6bc00 2603             sun.font.FontDesignMetrics::charsWidth (201 bytes)
Event: 1719.970 Thread 0x25c6bc00 nmethod 2603 0x02ec7288 code [0x02ec7480, 0x02ec7afc]
Event: 1725.140 Thread 0x25c6bc00 2604             java.awt.Component::getFont_NoClientCode (29 bytes)
Event: 1725.140 Thread 0x25c6bc00 nmethod 2604 0x02ea3e48 code [0x02ea3f50, 0x02ea403c]
Event: 1730.290 Thread 0x25c6bc00 2605             java.util.HashMap::put (13 bytes)
Event: 1730.290 Thread 0x25c6bc00 nmethod 2605 0x02eb4ec8 code [0x02eb4fd0, 0x02eb50c8]
Event: 1733.476 Thread 0x25c6bc00 2606             java.lang.CharacterDataLatin1::toUpperCaseEx (71 bytes)
Event: 1733.477 Thread 0x25c6bc00 nmethod 2606 0x02dba7c8 code [0x02dba8c0, 0x02dba9c0]
Event: 1745.844 Thread 0x25c6bc00 2607             java.awt.Container::findComponentAtImpl (161 bytes)
Event: 1745.846 Thread 0x25c6bc00 nmethod 2607 0x02dca748 code [0x02dca8b0, 0x02dcab94]

GC Heap History (10 events):
Event: 3.209 GC heap before
{Heap before GC invocations=3 (full 1):
 def new generation   total 39424K, used 35072K [0x05000000, 0x07ac0000, 0x0faa0000)
  eden space 35072K, 100% used [0x05000000, 0x07240000, 0x07240000)
  from space 4352K,   0% used [0x07240000, 0x07240000, 0x07680000)
  to   space 4352K,   0% used [0x07680000, 0x07680000, 0x07ac0000)
 tenured generation   total 87424K, used 13275K [0x0faa0000, 0x15000000, 0x25000000)
   the space 87424K,  15% used [0x0faa0000, 0x10796ef8, 0x10797000, 0x15000000)
 Metaspace       used 15893K, capacity 16315K, committed 16384K, reserved 16768K
Event: 3.217 GC heap after
Heap after GC invocations=4 (full 1):
 def new generation   total 39424K, used 4352K [0x05000000, 0x07ac0000, 0x0faa0000)
  eden space 35072K,   0% used [0x05000000, 0x05000000, 0x07240000)
  from space 4352K, 100% used [0x07680000, 0x07ac0000, 0x07ac0000)
  to   space 4352K,   0% used [0x07240000, 0x07240000, 0x07680000)
 tenured generation   total 87424K, used 14550K [0x0faa0000, 0x15000000, 0x25000000)
   the space 87424K,  16% used [0x0faa0000, 0x108d5840, 0x108d5a00, 0x15000000)
 Metaspace       used 15893K, capacity 16315K, committed 16384K, reserved 16768K
}
Event: 67.440 GC heap before
{Heap before GC invocations=4 (full 1):
 def new generation   total 39424K, used 39418K [0x05000000, 0x07ac0000, 0x0faa0000)
  eden space 35072K,  99% used [0x05000000, 0x0723ebf8, 0x07240000)
  from space 4352K, 100% used [0x07680000, 0x07ac0000, 0x07ac0000)
  to   space 4352K,   0% used [0x07240000, 0x07240000, 0x07680000)
 tenured generation   total 87424K, used 14550K [0x0faa0000, 0x15000000, 0x25000000)
   the space 87424K,  16% used [0x0faa0000, 0x108d5840, 0x108d5a00, 0x15000000)
 Metaspace       used 18347K, capacity 18816K, committed 18816K, reserved 18816K
Event: 67.480 GC heap after
Heap after GC invocations=5 (full 1):
 def new generation   total 39424K, used 4352K [0x05000000, 0x07ac0000, 0x0faa0000)
  eden space 35072K,   0% used [0x05000000, 0x05000000, 0x07240000)
  from space 4352K, 100% used [0x07240000, 0x07680000, 0x07680000)
  to   space 4352K,   0% used [0x07680000, 0x07680000, 0x07ac0000)
 tenured generation   total 87424K, used 25453K [0x0faa0000, 0x15000000, 0x25000000)
   the space 87424K,  29% used [0x0faa0000, 0x1137b408, 0x1137b600, 0x15000000)
 Metaspace       used 18347K, capacity 18816K, committed 18816K, reserved 18816K
}
Event: 425.150 GC heap before
{Heap before GC invocations=5 (full 1):
 def new generation   total 39424K, used 39424K [0x05000000, 0x07ac0000, 0x0faa0000)
  eden space 35072K, 100% used [0x05000000, 0x07240000, 0x07240000)
  from space 4352K, 100% used [0x07240000, 0x07680000, 0x07680000)
  to   space 4352K,   0% used [0x07680000, 0x07680000, 0x07ac0000)
 tenured generation   total 87424K, used 25453K [0x0faa0000, 0x15000000, 0x25000000)
   the space 87424K,  29% used [0x0faa0000, 0x1137b408, 0x1137b600, 0x15000000)
 Metaspace       used 19578K, capacity 20057K, committed 20096K, reserved 20864K
Event: 425.160 GC heap after
Heap after GC invocations=6 (full 1):
 def new generation   total 39424K, used 2481K [0x05000000, 0x07ac0000, 0x0faa0000)
  eden space 35072K,   0% used [0x05000000, 0x05000000, 0x07240000)
  from space 4352K,  57% used [0x07680000, 0x078ec7e8, 0x07ac0000)
  to   space 4352K,   0% used [0x07240000, 0x07240000, 0x07680000)
 tenured generation   total 87424K, used 28901K [0x0faa0000, 0x15000000, 0x25000000)
   the space 87424K,  33% used [0x0faa0000, 0x116d9618, 0x116d9800, 0x15000000)
 Metaspace       used 19578K, capacity 20057K, committed 20096K, reserved 20864K
}
Event: 1058.533 GC heap before
{Heap before GC invocations=6 (full 1):
 def new generation   total 39424K, used 37558K [0x05000000, 0x07ac0000, 0x0faa0000)
  eden space 35072K,  99% used [0x05000000, 0x0723ec88, 0x07240000)
  from space 4352K,  57% used [0x07680000, 0x078eeeb8, 0x07ac0000)
  to   space 4352K,   0% used [0x07240000, 0x07240000, 0x07680000)
 tenured generation   total 87424K, used 28901K [0x0faa0000, 0x15000000, 0x25000000)
   the space 87424K,  33% used [0x0faa0000, 0x116d9618, 0x116d9800, 0x15000000)
 Metaspace       used 19645K, capacity 20162K, committed 20224K, reserved 20864K
Event: 1058.556 GC heap after
Heap after GC invocations=7 (full 1):
 def new generation   total 39424K, used 1890K [0x05000000, 0x07ac0000, 0x0faa0000)
  eden space 35072K,   0% used [0x05000000, 0x05000000, 0x07240000)
  from space 4352K,  43% used [0x07240000, 0x074188e0, 0x07680000)
  to   space 4352K,   0% used [0x07680000, 0x07680000, 0x07ac0000)
 tenured generation   total 87424K, used 30842K [0x0faa0000, 0x15000000, 0x25000000)
   the space 87424K,  35% used [0x0faa0000, 0x118be810, 0x118bea00, 0x15000000)
 Metaspace       used 19645K, capacity 20162K, committed 20224K, reserved 20864K
}
Event: 1461.194 GC heap before
{Heap before GC invocations=7 (full 1):
 def new generation   total 39424K, used 36962K [0x05000000, 0x07ac0000, 0x0faa0000)
  eden space 35072K, 100% used [0x05000000, 0x07240000, 0x07240000)
  from space 4352K,  43% used [0x07240000, 0x074188e0, 0x07680000)
  to   space 4352K,   0% used [0x07680000, 0x07680000, 0x07ac0000)
 tenured generation   total 87424K, used 30842K [0x0faa0000, 0x15000000, 0x25000000)
   the space 87424K,  35% used [0x0faa0000, 0x118be810, 0x118bea00, 0x15000000)
 Metaspace       used 19836K, capacity 20355K, committed 20480K, reserved 20864K
Event: 1461.199 GC heap after
Heap after GC invocations=8 (full 1):
 def new generation   total 39424K, used 2919K [0x05000000, 0x07ac0000, 0x0faa0000)
  eden space 35072K,   0% used [0x05000000, 0x05000000, 0x07240000)
  from space 4352K,  67% used [0x07680000, 0x07959e88, 0x07ac0000)
  to   space 4352K,   0% used [0x07240000, 0x07240000, 0x07680000)
 tenured generation   total 87424K, used 30842K [0x0faa0000, 0x15000000, 0x25000000)
   the space 87424K,  35% used [0x0faa0000, 0x118be810, 0x118bea00, 0x15000000)
 Metaspace       used 19836K, capacity 20355K, committed 20480K, reserved 20864K
}

Deoptimization events (0 events):
No events

Internal exceptions (10 events):
Event: 1461.208 Thread 0x28301400 Exception <a 'sun/nio/fs/WindowsException'> (0x050957b0) thrown at [C:\workspace\8-2-build-windows-i586-cygwin\jdk8u92\6642\hotspot\src\share\vm\prims\jni.cpp, line 709]
Event: 1461.208 Thread 0x28301400 Exception <a 'sun/nio/fs/WindowsException'> (0x05095ea0) thrown at [C:\workspace\8-2-build-windows-i586-cygwin\jdk8u92\6642\hotspot\src\share\vm\prims\jni.cpp, line 709]
Event: 1461.209 Thread 0x28301400 Exception <a 'sun/nio/fs/WindowsException'> (0x050a0060) thrown at [C:\workspace\8-2-build-windows-i586-cygwin\jdk8u92\6642\hotspot\src\share\vm\prims\jni.cpp, line 709]
Event: 1461.209 Thread 0x28301400 Exception <a 'sun/nio/fs/WindowsException'> (0x050a0658) thrown at [C:\workspace\8-2-build-windows-i586-cygwin\jdk8u92\6642\hotspot\src\share\vm\prims\jni.cpp, line 709]
Event: 1461.209 Thread 0x28301400 Exception <a 'sun/nio/fs/WindowsException'> (0x050aa598) thrown at [C:\workspace\8-2-build-windows-i586-cygwin\jdk8u92\6642\hotspot\src\share\vm\prims\jni.cpp, line 709]
Event: 1461.209 Thread 0x28301400 Exception <a 'sun/nio/fs/WindowsException'> (0x050aaba0) thrown at [C:\workspace\8-2-build-windows-i586-cygwin\jdk8u92\6642\hotspot\src\share\vm\prims\jni.cpp, line 709]
Event: 1461.210 Thread 0x28301400 Exception <a 'sun/nio/fs/WindowsException'> (0x050b6448) thrown at [C:\workspace\8-2-build-windows-i586-cygwin\jdk8u92\6642\hotspot\src\share\vm\prims\jni.cpp, line 709]
Event: 1461.210 Thread 0x28301400 Exception <a 'sun/nio/fs/WindowsException'> (0x050b6b30) thrown at [C:\workspace\8-2-build-windows-i586-cygwin\jdk8u92\6642\hotspot\src\share\vm\prims\jni.cpp, line 709]
Event: 1461.211 Thread 0x28301400 Exception <a 'sun/nio/fs/WindowsException'> (0x050c1bd0) thrown at [C:\workspace\8-2-build-windows-i586-cygwin\jdk8u92\6642\hotspot\src\share\vm\prims\jni.cpp, line 709]
Event: 1461.211 Thread 0x28301400 Exception <a 'sun/nio/fs/WindowsException'> (0x050c21b0) thrown at [C:\workspace\8-2-build-windows-i586-cygwin\jdk8u92\6642\hotspot\src\share\vm\prims\jni.cpp, line 709]

Events (10 events):
Event: 1730.291 Thread 0x25c6bc00 flushing nmethod 0x02e2a048
Event: 1730.291 Thread 0x25c6bc00 flushing nmethod 0x02efb388
Event: 1730.291 Thread 0x25c6bc00 flushing nmethod 0x02efb6c8
Event: 1730.291 Thread 0x25c6bc00 flushing nmethod 0x02efc588
Event: 1730.291 Thread 0x25c6bc00 flushing nmethod 0x02efdb08
Event: 1730.291 Thread 0x25c6bc00 flushing nmethod 0x02efdfc8
Event: 1730.291 Thread 0x25c6bc00 flushing nmethod 0x02efe448
Event: 1730.291 Thread 0x25c6bc00 flushing nmethod 0x02eff088
Event: 1730.291 Thread 0x25c6bc00 flushing nmethod 0x02eff788
Event: 1730.291 Thread 0x25c6bc00 flushing nmethod 0x02effa88


Dynamic libraries:
0x00e00000 - 0x00e33000 	C:\Program Files (x86)\Arduino\java\bin\javaw.exe
0x77ce0000 - 0x77e63000 	C:\WINDOWS\SYSTEM32\ntdll.dll
0x77570000 - 0x77650000 	C:\WINDOWS\System32\KERNEL32.DLL
0x74af0000 - 0x74c91000 	C:\WINDOWS\System32\KERNELBASE.dll
0x76ce0000 - 0x76d57000 	C:\WINDOWS\System32\ADVAPI32.dll
0x762e0000 - 0x7639e000 	C:\WINDOWS\System32\msvcrt.dll
0x76230000 - 0x76271000 	C:\WINDOWS\System32\sechost.dll
0x74980000 - 0x74a41000 	C:\WINDOWS\System32\RPCRT4.dll
0x747a0000 - 0x747be000 	C:\WINDOWS\System32\SspiCli.dll
0x74790000 - 0x7479a000 	C:\WINDOWS\System32\CRYPTBASE.dll
0x763a0000 - 0x763fa000 	C:\WINDOWS\System32\bcryptPrimitives.dll
0x76400000 - 0x7655f000 	C:\WINDOWS\System32\USER32.dll
0x748f0000 - 0x74905000 	C:\WINDOWS\System32\win32u.dll
0x74ac0000 - 0x74aeb000 	C:\WINDOWS\System32\GDI32.dll
0x776f0000 - 0x7784b000 	C:\WINDOWS\System32\gdi32full.dll
0x6d650000 - 0x6d85a000 	C:\WINDOWS\WinSxS\x86_microsoft.windows.common-controls_6595b64144ccf1df_6.0.14393.447_none_89c64d28dafea4b9\COMCTL32.dll
0x779c0000 - 0x77bd1000 	C:\WINDOWS\System32\combase.dll
0x74810000 - 0x748f0000 	C:\WINDOWS\System32\ucrtbase.dll
0x77990000 - 0x779b5000 	C:\WINDOWS\System32\IMM32.DLL
0x70340000 - 0x703ff000 	C:\Program Files (x86)\Arduino\java\bin\msvcr100.dll
0x6ff70000 - 0x7033b000 	C:\Program Files (x86)\Arduino\java\bin\client\jvm.dll
0x76b50000 - 0x76b56000 	C:\WINDOWS\System32\PSAPI.DLL
0x6cea0000 - 0x6cea8000 	C:\WINDOWS\SYSTEM32\WSOCK32.dll
0x70450000 - 0x70474000 	C:\WINDOWS\SYSTEM32\WINMM.dll
0x74650000 - 0x74658000 	C:\WINDOWS\SYSTEM32\VERSION.dll
0x74a50000 - 0x74ab3000 	C:\WINDOWS\System32\WS2_32.dll
0x6d1f0000 - 0x6d213000 	C:\WINDOWS\SYSTEM32\WINMMBASE.dll
0x761d0000 - 0x76206000 	C:\WINDOWS\System32\cfgmgr32.dll
0x6ff30000 - 0x6ff61000 	C:\Program Files (x86)\Arduino\java\bin\splashscreen.dll
0x6c2f0000 - 0x6c365000 	C:\WINDOWS\system32\uxtheme.dll
0x70430000 - 0x7043c000 	C:\Program Files (x86)\Arduino\java\bin\verify.dll
0x6ff00000 - 0x6ff21000 	C:\Program Files (x86)\Arduino\java\bin\java.dll
0x77850000 - 0x77985000 	C:\WINDOWS\System32\MSCTF.dll
0x77470000 - 0x77504000 	C:\WINDOWS\System32\OLEAUT32.dll
0x76560000 - 0x765db000 	C:\WINDOWS\System32\msvcp_win.dll
0x70490000 - 0x7050b000 	C:\Program Files (x86)\Common Files\Microsoft Shared\Ink\tiptsf.dll
0x6fee0000 - 0x6fef3000 	C:\Program Files (x86)\Arduino\java\bin\zip.dll
0x77510000 - 0x7751d000 	C:\WINDOWS\System32\kernel.appcore.dll
0x760e0000 - 0x76164000 	C:\WINDOWS\System32\clbcatq.dll
0x64560000 - 0x646b2000 	C:\Windows\System32\uiautomationcore.dll
0x74630000 - 0x7464a000 	C:\Windows\System32\USERENV.dll
0x76280000 - 0x7628f000 	C:\WINDOWS\System32\profapi.dll
0x644d0000 - 0x64551000 	C:\WINDOWS\SYSTEM32\sxs.dll
0x6d450000 - 0x6d4a4000 	C:\Windows\System32\OLEACC.dll
0x64450000 - 0x644bc000 	C:\WINDOWS\SYSTEM32\twinapi.dll
0x76b60000 - 0x76be8000 	C:\WINDOWS\System32\shcore.dll
0x64fb0000 - 0x650a1000 	C:\WINDOWS\SYSTEM32\twinapi.appcore.dll
0x73c40000 - 0x73c5b000 	C:\WINDOWS\SYSTEM32\bcrypt.dll
0x74ca0000 - 0x76079000 	C:\WINDOWS\System32\SHELL32.dll
0x765e0000 - 0x76b4e000 	C:\WINDOWS\System32\windows.storage.dll
0x77520000 - 0x77565000 	C:\WINDOWS\System32\powrprof.dll
0x76290000 - 0x762d6000 	C:\WINDOWS\System32\shlwapi.dll
0x76bf0000 - 0x76cda000 	C:\WINDOWS\System32\ole32.dll
0x6fd90000 - 0x6fed5000 	C:\Program Files (x86)\Arduino\java\bin\awt.dll
0x6fcf0000 - 0x6fd82000 	C:\WINDOWS\SYSTEM32\apphelp.dll
0x6c2d0000 - 0x6c2ef000 	C:\WINDOWS\system32\dwmapi.dll
0x6fcd0000 - 0x6fce6000 	C:\Program Files (x86)\Arduino\java\bin\net.dll
0x73bf0000 - 0x73c3e000 	C:\WINDOWS\system32\mswsock.dll
0x74660000 - 0x7468f000 	C:\WINDOWS\SYSTEM32\IPHLPAPI.DLL
0x77be0000 - 0x77be7000 	C:\WINDOWS\System32\NSI.dll
0x739f0000 - 0x73a03000 	C:\WINDOWS\SYSTEM32\dhcpcsvc6.DLL
0x61740000 - 0x6176c000 	C:\Program Files (x86)\Arduino\lib\listSerialsj.dll
0x76d60000 - 0x7716b000 	C:\WINDOWS\System32\SETUPAPI.dll
0x739d0000 - 0x739e4000 	C:\WINDOWS\SYSTEM32\dhcpcsvc.DLL
0x73ac0000 - 0x73ad3000 	C:\WINDOWS\SYSTEM32\CRYPTSP.dll
0x73a90000 - 0x73abf000 	C:\WINDOWS\system32\rsaenh.dll
0x70420000 - 0x7042f000 	C:\Program Files (x86)\Arduino\java\bin\nio.dll
0x73a10000 - 0x73a8c000 	C:\WINDOWS\SYSTEM32\DNSAPI.dll
0x70c20000 - 0x70c28000 	C:\Windows\System32\rasadhlp.dll
0x27880000 - 0x278bd000 	C:\Users\RazerBlade\AppData\Local\Temp\jna--1812585216\jna1402334398077591585.dll
0x6fc90000 - 0x6fcc9000 	C:\Program Files (x86)\Arduino\java\bin\fontmanager.dll
0x6fc50000 - 0x6fc82000 	C:\Program Files (x86)\Arduino\java\bin\t2k.dll
0x6fbe0000 - 0x6fc49000 	C:\Program Files (x86)\Arduino\msvcp100.dll
0x6fb20000 - 0x6fbde000 	C:\Program Files (x86)\Arduino\msvcr100.dll
0x04df0000 - 0x04e22000 	C:\Program Files (x86)\Arduino\lib\AStylej.dll
0x6faf0000 - 0x6fb14000 	C:\Program Files (x86)\Arduino\java\bin\dcpr.dll
0x67c90000 - 0x67dfe000 	C:\WINDOWS\SYSTEM32\WindowsCodecs.dll
0x65490000 - 0x654d4000 	C:\WINDOWS\system32\dataexchange.dll
0x65140000 - 0x6536f000 	C:\WINDOWS\system32\d3d11.dll
0x65370000 - 0x65483000 	C:\WINDOWS\system32\dcomp.dll
0x650b0000 - 0x65134000 	C:\WINDOWS\system32\dxgi.dll
0x64260000 - 0x642a9000 	C:\WINDOWS\System32\fwpuclnt.dll
0x6fad0000 - 0x6faf0000 	C:\Program Files (x86)\Arduino\java\bin\sunec.dll
0x6fac0000 - 0x6fac9000 	C:\Program Files (x86)\Arduino\java\bin\sunmscapi.dll
0x772f0000 - 0x7746d000 	C:\WINDOWS\System32\CRYPT32.dll
0x772e0000 - 0x772ee000 	C:\WINDOWS\System32\MSASN1.dll
0x73c70000 - 0x73c82000 	C:\WINDOWS\system32\napinsp.dll
0x73bd0000 - 0x73be6000 	C:\WINDOWS\system32\pnrpnsp.dll
0x73bb0000 - 0x73bc4000 	C:\WINDOWS\system32\NLAapi.dll
0x73c60000 - 0x73c6c000 	C:\WINDOWS\System32\winrnr.dll
0x73b90000 - 0x73ba1000 	C:\WINDOWS\System32\wshbth.dll
0x6fa90000 - 0x6fab2000 	C:\WINDOWS\SYSTEM32\DEVOBJ.dll
0x747c0000 - 0x74804000 	C:\WINDOWS\System32\WINTRUST.dll
0x64000000 - 0x6401b000 	C:\Users\RazerBlade\.jssc\windows\jSSC-2.8_x86.dll
0x70540000 - 0x70685000 	C:\WINDOWS\SYSTEM32\dbghelp.dll

VM Arguments:
jvm_args: -Dsun.java2d.d3d=false -Djna.nosys=true -DAPP_DIR=C:\Program Files (x86)\Arduino -Xms128M -Xmx512M 
java_command: processing.app.Base C:\Users\RazerBlade\Downloads\Goliath_CodeStable\Goliath_CodeStable.ino
java_class_path (initial): C:\Program Files (x86)\Arduino\lib\apple.jar;C:\Program Files (x86)\Arduino\lib\arduino-core.jar;C:\Program Files (x86)\Arduino\lib\batik-1.8.jar;C:\Program Files (x86)\Arduino\lib\batik-anim-1.8.jar;C:\Program Files (x86)\Arduino\lib\batik-awt-util-1.8.jar;C:\Program Files (x86)\Arduino\lib\batik-bridge-1.8.jar;C:\Program Files (x86)\Arduino\lib\batik-codec-1.8.jar;C:\Program Files (x86)\Arduino\lib\batik-css-1.8.jar;C:\Program Files (x86)\Arduino\lib\batik-dom-1.8.jar;C:\Program Files (x86)\Arduino\lib\batik-ext-1.8.jar;C:\Program Files (x86)\Arduino\lib\batik-gvt-1.8.jar;C:\Program Files (x86)\Arduino\lib\batik-parser-1.8.jar;C:\Program Files (x86)\Arduino\lib\batik-rasterizer-1.8.jar;C:\Program Files (x86)\Arduino\lib\batik-script-1.8.jar;C:\Program Files (x86)\Arduino\lib\batik-squiggle-1.8.jar;C:\Program Files (x86)\Arduino\lib\batik-svg-dom-1.8.jar;C:\Program Files (x86)\Arduino\lib\batik-svgpp-1.8.jar;C:\Program Files (x86)\Arduino\lib\batik-transcoder-1.8.jar;C:\Program Files (x86)\Arduino\lib\batik-util-1.8.jar;C:\Program Files (x86)\Arduino\lib\batik-xml-1.8.jar;C:\Program Files (x86)\Arduino\lib\bcpg-jdk15on-152.jar;C:\Program Files (x86)\Arduino\lib\bcprov-jdk15on-152.jar;C:\Program Files (x86)\Arduino\lib\commons-codec-1.7.jar;C:\Program Files (x86)\Arduino\lib\commons-compress-1.8.jar;C:\Program Files (x86)\Arduino\lib\commons-exec-1.1.jar;C:\Program Files (x86)\Arduino\lib\commons-httpclient-3.1.jar;C:\Program Files (x86)\Arduino\lib\commons-lang3-3.3.2.jar;C:\Program Files (x86)\Arduino\lib\commons-logging-1.0.4.jar;C:\Program Files (x86)\Arduino\lib\commons-net-3.3.jar;C:\Program Files (x86)\Arduino\lib\jackson-annotations-2.6.3.jar;C:\Program Files (x86)\Arduino\lib\jackson-core-2.6.3.jar;C:\Program Files (x86)\Arduino\lib\jackson-databind-2.6.3.jar;C:\Program Files (x86)\Arduino\lib\jackson-module-mrbean-2.6.3.jar;C:\Program Files (x86)\Arduino\lib\java-semver-0.8.0.jar;C:\Program Files (x86)\Arduino\lib\jmdns-3.4.1.j
Launcher Type: SUN_STANDARD

Environment Variables:
PATH=C:\WINDOWS\system32;C:\WINDOWS;C:\WINDOWS\System32\Wbem;C:\WINDOWS\System32\WindowsPowerShell\v1.0\;C:\Program Files\Intel\WiFi\bin\;C:\Program Files\Common Files\Intel\WirelessCommon\;C:\Program Files\MATLAB\R2016b\runtime\win64;C:\Program Files\MATLAB\R2016b\bin;C:\Program Files\Intel\WiFi\bin\;C:\Program Files\Common Files\Intel\WirelessCommon\;%USERPROFILE%\AppData\Local\Microsoft\WindowsApps;;C:\Program Files (x86)\Arduino\java\bin
USERNAME=RazerBlade
OS=Windows_NT
PROCESSOR_IDENTIFIER=Intel64 Family 6 Model 60 Stepping 3, GenuineIntel



---------------  S Y S T E M  ---------------

OS: Windows 10.0 , 64 bit Build 14393 (10.0.14393.0)

CPU:total 8 (4 cores per cpu, 2 threads per core) family 6 model 60 stepping 3, cmov, cx8, fxsr, mmx, sse, sse2, sse3, ssse3, sse4.1, sse4.2, popcnt, avx, avx2, aes, clmul, erms, lzcnt, ht, tsc, tscinvbit, bmi1, bmi2

Memory: 4k page, physical 8310620k(4313388k free), swap 9621340k(4699588k free)

vm_info: Java HotSpot(TM) Client VM (25.92-b14) for windows-x86 JRE (1.8.0_92-b14), built on Mar 31 2016 21:09:21 by "java_re" with MS VC++ 10.0 (VS2010)

time: Mon Dec 12 22:08:13 2016
elapsed time: 1752 seconds (0d 0h 29m 12s)

